6651     65    1     images/train-22659.jpg fefe607f7ec00000   f0c2c0adc80c28e0  
8421     92    2     images/train-27612.jpg 7f5e7e641f382626   d6d0bacaaceace6c  
8702     96    3     images/train-24973.jpg 7ce0f01a1eff1818   d080a1b272dcf030  
8769     97    4     images/train-12831.jpg ff3fff7b02a3e0f0   e170c7f556574626  
10686    135   5     images/train-15291.jpg 0e1e7e7c377c4009   7898d4e96595d951  
11897    155   6     images/train-16412.jpg 00203838190f3f3f   d8c8617173d87a7b  
13433    180   7     images/train-06922.jpg 7e7e9bff64000000   e4f232a6ccd49286  
15885    233   8     images/train-10268.jpg ffe0e44646c0fe28   67918c8c8c968aea  
15886    234   9     images/train-27249.jpg 1018181898f8b8d0   b430323530717135  
16728    251   10    images/test-02756.jpg 7e72bc3e18120200   eaea64f4b4a29ebc  
17771    273   11    images/train-27390.jpg fe68f004081905fc   92d0a8ac5973cd59  
19342    310   12    images/test-04585.jpg 0001030313387e7e   9323d7d2a263e8e0  
20499    335   13    images/train-19735.jpg ff81818181cd0718   1b23733b4b194b69  
20966    345   14    images/train-13675.jpg effa79280818d858   1854d3d1f3f0b0b0  
21927    361   15    images/train-11745.jpg e3ff3f3e1a120240   074b6972e266a69e  
22524    374   16    images/train-24661.jpg f1610307c3c3c3c7   c3d36fbf9f979797  
22571    375   17    images/train-12901.jpg 2f3f180b1b4b4343   5adcd1d6d6929696  
22880    381   18    images/train-00890.jpg 7e7e1c98987c7ed6   9aaa983130d0bcae  
23624    401   19    images/train-21345.jpg ff7902b6942c2420   c8e3566c6c4d4dc4  
23731    410   20    images/train-08677.jpg 7e7ffffefa500000   dada252462b4b091  
24142    423   21    images/train-25878.jpg ff7c1a0070f0f2ff   d1d072a6a123a632  
24593    433   22    images/train-02160.jpg 18019fdfbebe0000   f14d3bb164686869  
24907    438   23    images/test-03769.jpg 18383a3a3c3c3800   b272526268f16163  
25136    445   24    images/train-13214.jpg ff7fff1301030000   d0e672b653526623  
25413    455   25    images/test-07537.jpg 3c3c181838303fff   f4f47270e4e06073  
26267    479   26    images/test-05269.jpg 3070383800c7c7ef   e5e7f2e2352d1e5d  
26463    480   27    images/train-15752.jpg ff400021a3a175ff   d29aca474765a5da  
27137    497   28    images/train-15686.jpg 050d0d0a0206ffff   599b5b5a5e8c1f96  
27197    498   29    images/train-08046.jpg 0013b0f0b0f87e7f   1666622123a8b8ca  
27694    511   30    images/train-15139.jpg 0408277767fcb808   d4b2edadcd3130d0  
27955    514   31    images/test-02978.jpg 7efedf4848010101   c8709492d1ddebb3  
28200    521   32    images/train-19529.jpg ffff1e7c0c000000   3cbc7cf118ccb893  
28578    525   33    images/train-31837.jpg 04266664262f0f0f   cdccccc44c5adadb  
28659    527   34    images/train-13506.jpg ffdff69ebe8c0800   2736243574113030  
28693    529   35    images/train-12341.jpg 10383060fcfefedf   6474d4ca89909434  
29057    537   36    images/test-04218.jpg f7c7c78306070d0d   8e9e1b0e6e2d7979  
29182    539   37    images/train-11976.jpg 00d7ff4303113e3c   ad35a5d6d6b7f2e9  
29504    547   38    images/train-15005.jpg 313b1f135c4d7a10   536bbab6999996b6  
29738    556   39    images/test-01046.jpg 2b27efff79180000   cb4e8a91d5d1694f  
30167    569   40    images/train-04438.jpg 3d3f0008237e181e   f9f2b6ba4aa8a2b0  
30658    585   41    images/train-25244.jpg fcfcf83060304008   b0e062e2c565d692  
32142    613   42    images/train-22030.jpg d2fb1a4687838f8a   a6b7b2ae0d0f3e3a  
33074    642   43    images/train-09405.jpg 001c3f7fff6f0804   f8f8f8f0d4dcf8ec  
33515    651   44    images/train-30386.jpg 7070f4fc3e3e0707   a3c544e0ea6a692c  
33693    655   45    images/test-00443.jpg 40585858988c8ccc   d39291b0737929a9  
33931    660   46    images/test-03942.jpg 07cbe8c0c0c00602   263a9a95a9893c1e  
35020    689   47    images/train-18051.jpg ff9fd8e0400600ff   6a323282953463b3  
35154    695   48    images/test-03541.jpg 00203038381dffff   d8c8e170733bb8ea  
36120    719   49    images/train-10472.jpg 7c7e01000800ffff   e8cccf51d3919a8a  
36698    736   50    images/train-22296.jpg fbfbff5101017c84   a343ababe3d3d02c  
37085    747   51    images/train-12773.jpg 2c386e7c70624640   d8f0d8e0ccce9ccc  
37567    761   52    images/test-01762.jpg ff921030620407bf   aa2626e4ce3c2c66  
38487    793   53    images/train-02042.jpg 0000227272f6ff7e   a5dd4ce6a6a2bad2  
38688    799   54    images/test-01445.jpg 386c642428001fff   e9c9cdcdca52d0a0  
39115    811   55    images/train-13646.jpg ffffff0600000000   cdccec4c8a6572b6  
40117    831   56    images/train-05628.jpg c4e4e6e646466040   8c8c8c8c8c8c8c8c  
40739    846   57    images/train-31960.jpg 3ffdfd0000000000   6341c9c6e8d89290  
________________________________________________________________________________
d_Clashes: 57	 a_classhes: 847
________________________________________________________________________________
d39291b0737929a9 images/test-03304.jpg, images/test-00443.jpg
d6d0bacaaceace6c images/train-23028.jpg, images/train-27612.jpg
67918c8c8c968aea images/train-13035.jpg, images/train-10268.jpg
f8f8f8f0d4dcf8ec images/train-30771.jpg, images/train-09405.jpg
536bbab6999996b6 images/train-08501.jpg, images/train-15005.jpg
2736243574113030 images/test-01524.jpg, images/train-13506.jpg
d0e672b653526623 images/train-06509.jpg, images/train-13214.jpg
d29aca474765a5da images/test-05709.jpg, images/train-15752.jpg
d8c8e170733bb8ea images/train-00651.jpg, images/test-03541.jpg
6474d4ca89909434 images/train-20546.jpg, images/train-12341.jpg
b430323530717135 images/train-21675.jpg, images/train-27249.jpg
074b6972e266a69e images/train-27500.jpg, images/train-11745.jpg
f14d3bb164686869 images/train-28039.jpg, images/train-02160.jpg
9aaa983130d0bcae images/train-29952.jpg, images/train-00890.jpg
a343ababe3d3d02c images/train-12615.jpg, images/train-22296.jpg
3cbc7cf118ccb893 images/train-06178.jpg, images/train-19529.jpg
ad35a5d6d6b7f2e9 images/train-11433.jpg, images/train-11976.jpg
d4b2edadcd3130d0 images/train-08253.jpg, images/train-15139.jpg
8e9e1b0e6e2d7979 images/train-05952.jpg, images/test-04218.jpg
1854d3d1f3f0b0b0 images/train-14700.jpg, images/train-13675.jpg
eaea64f4b4a29ebc images/test-06046.jpg, images/test-02756.jpg
599b5b5a5e8c1f96 images/test-02913.jpg, images/train-15686.jpg
cdccccc44c5adadb images/train-19081.jpg, images/train-31837.jpg
9323d7d2a263e8e0 images/train-10112.jpg, images/test-04585.jpg
6341c9c6e8d89290 images/train-01099.jpg, images/train-31960.jpg
f0c2c0adc80c28e0 images/train-12306.jpg, images/train-22659.jpg
d1d072a6a123a632 images/train-29720.jpg, images/train-25878.jpg
dada252462b4b091 images/train-18086.jpg, images/train-08677.jpg
8c8c8c8c8c8c8c8c images/test-01754.jpg, images/train-05628.jpg
e9c9cdcdca52d0a0 images/train-18239.jpg, images/test-01445.jpg
6a323282953463b3 images/test-06549.jpg, images/train-18051.jpg
1666622123a8b8ca images/test-02468.jpg, images/train-08046.jpg
e5e7f2e2352d1e5d images/train-32463.jpg, images/test-05269.jpg
e4f232a6ccd49286 images/train-11981.jpg, images/train-06922.jpg
b272526268f16163 images/train-22579.jpg, images/test-03769.jpg
263a9a95a9893c1e images/test-08149.jpg, images/test-03942.jpg
f9f2b6ba4aa8a2b0 images/train-16978.jpg, images/train-04438.jpg
d8f0d8e0ccce9ccc images/train-17889.jpg, images/train-12773.jpg
c8e3566c6c4d4dc4 images/test-07579.jpg, images/train-21345.jpg
e170c7f556574626 images/train-28287.jpg, images/train-12831.jpg
f4f47270e4e06073 images/train-20079.jpg, images/test-07537.jpg
aa2626e4ce3c2c66 images/train-19918.jpg, images/test-01762.jpg
a5dd4ce6a6a2bad2 images/train-17477.jpg, images/train-02042.jpg
b0e062e2c565d692 images/train-14062.jpg, images/train-25244.jpg
a6b7b2ae0d0f3e3a images/train-08644.jpg, images/train-22030.jpg
c8709492d1ddebb3 images/train-21860.jpg, images/test-02978.jpg
7898d4e96595d951 images/train-22667.jpg, images/train-15291.jpg
d080a1b272dcf030 images/train-03404.jpg, images/train-24973.jpg
92d0a8ac5973cd59 images/train-06401.jpg, images/train-27390.jpg
d8c8617173d87a7b images/train-15129.jpg, images/train-16412.jpg
a3c544e0ea6a692c images/train-20366.jpg, images/train-30386.jpg
cb4e8a91d5d1694f images/train-23923.jpg, images/test-01046.jpg
e8cccf51d3919a8a images/train-27148.jpg, images/train-10472.jpg
c3d36fbf9f979797 images/train-16527.jpg, images/train-24661.jpg
5adcd1d6d6929696 images/train-23654.jpg, images/train-12901.jpg
1b23733b4b194b69 images/train-31087.jpg, images/train-19735.jpg
cdccec4c8a6572b6 images/test-07046.jpg, images/train-13646.jpg
