# Removed images of dimension: (224, 224)
#
# Finding 30 hashes that dont exists in any of the datasets
# Possibly from an early scraping:
# files = set(os.listdir("images")
# diffs = files.difference(set([i.name for i in pc.getImages()]))
#
# Then images with the following hashes
# But not having these hashes in DB
4323bb313328c9d3
9472d79517a5b1c9
1951019e9adbc9c5
acad99113171f0f4
3018ccc4c4649899
898ab6a4a733168c
988c94b4e7f5e5b7
c8a2871734b5eada
3919188aaba96863
cfc3b2b2f8b06e6c
dca4741313352962
0361622222829313
e0e1d1c0e06424b6
918066444c4c3432
b2e6c8d9d8e4e4c6
78f2e8c9edede0e0
b3fe9dd5c7e7e773
d04068b5a3e5e4e3
b436664b33a4ba9a
f0f6b1a9c6aaa8ce
c1e0e42423f55c4c
87534dcfcecedaea
ccfcf8fcecc5d6cc
30b0d0d1999af494
8e88d8c864740cb8
30063652d4b49188
d4591c3c16161210
a9199dcdcdcda5ac
9f99b191d898ccd4
cfc9c7c7e6769691
48523aaf637f786b
cbcfc9c99d8f4e58
7865a8242d18d8bb
e6fff4db23332707
383966c6e78616b6
0a046c282e0d4a18
cd7b55374757c2f8
e0406cb6f6b2920b
f3b3b09393962d93
d83435349c8c2cad
8ec9e868988c0c9a
d6c7636391d19191
9654569ef2e22421
61e0fae2656e8cac
e6c6d62666662782
88c2c26b7220baa0
c6c3d270796b06c6
262594379798d899
e7c9e9e1c1c9cdc9
615a12244c412d6d
73e38dc4f6b266cc
e6c6c959d2a425c5
c858d0d8b8b93926
cceadacbcbcac989
cece6c5ad8589c79
37d7d6d639293851
0ad6f5626365ceda
c8e8f26abbd2d2d2
3ca5d5d177723639
c4a3e5d796727bc9
b4b5a78c148c8c8c
f656dcb4b4b4a961
0f33694d4d29330f
4da96ae82a2f7366
70f0e123268ccd2b
e1d1abcaaac6d61b
24263c3e67dede3e
18988183a34b5343
f2e3783a44c494b7
24a6f37c3b3bb2f2
3020087262a5a336
894e46e62fff5b5b
ebbbdb32f2165e29
666a7925254dcb4e
d8d1d9c8c872545e
cdc4a4162bb3d249
e1f8f5b7b6b6b666
2850e2632d6d6a6a
e693325331b989ad
d81c190b9b9b1424
343c9dcd2eeac8b2
b3a64d9a8acd49c9
be7e7c2c2cf74551
eee4aaacaca2323a
4607a65272d69968
cecedc5499997452
e4292ad24648591a
92565350745eeec3
f1f068b6b3707331
0263711bad8dd356
acdbd1b1b1533191
4bc1623210898801
f88c34d478694d5c
2ba7e5e7ec2c2cac
d999d9eced4b59b1
032363f2ecdcd875
fefbfb8e2fec6c2c
c898689bcdd12626
5b7869b37979e9a1
5371cad9e596c753
a9682a3656c6d89c
30350d50086434b0
d2b3934a3a737bb9
f3602cece6c39393
f271d55329a9d0ea
3a7a7279594d1232
1818b832aae5d1fc
72b3905cd8d8d0d0
7a78f8f8f8ba3232
5c5c272266565a7e
93d3f1b454b3b272
63e9dc66f6f6c1c3
b4b4d1ffeaeea3aa
e2db5b1b0fcf6cd8
02acd75573363999
efe6663030182464
8f9e9ccca4e5a1a0
b63e723aba8f5948
65f0f0e8ccc6d2e2
243733d951d2d69a
dadab4c5cd4f2b5b
ede9abe7667626b4
c4c4e446d687cc0d
5b727262153656c6
332561d4c4cf6727
b2b2f2b4b4321849
6068259999991017
4ca2a46e6f65443c
12ccf0732707972b
607261b1746dcbe3
24a4279998dcecec
f8613233b1a9a4a9
48b4769e82c2caca
cd9696cccda4b091
edac88c6e948f0e0
d88e1f2d84714584
30e1e2e0e8b8b335
ece4c6c7d1b89c27
d8d8bad257f2e0e1
d07c692a0a0b161e
f0611d1c0c8c9ba2
737333372f1b1327
83496b4a2a0a0922
87f3ecd4dac8c9e0
0e0c0c30e07090c0
fcf4f6f4f4b4a0e0
0efcdedbebcbbbf3
568c991aac256667
e2ee9cf6d8d8f0d8
62d2c0ec3fbdf5f0
18988183a34b5343
8666646cccc84000
39e54dc4ceccdcfe
f6aeab339d979fd9
fcfc6689918581b2
18b15911b1a3b2d0
2db4b23391c2f262
624f4ec4565d2f27
669653e5a3935b96
22d0c0ac3d7d7c79
2aaa9ab3f1b0b199
f08cccb611b4adc8
6b8f9c3c4ac845d4
65e66a7058c92924
82a6642d2d6552d8
ede8dcd8503919c8
e4b2ba3acee4e8f8
544346cc90a366aa
bcbca451d1d0d0f0
e0f15153d3d272f2
8726b3ebdbd94c16
26c6ccf274242121
c5cc6ab2b6067294
c8e9d2ebe9e9e1e9
6e66a6ee6a6ba9be
6924931999a04646
d8ccf6e6c675f1e8
ac6c3cac7c7021b3
5a9ab69a9a9e9e0e
ca989c93486c34ad
da6e6d2d696bcbf3
a645920471607149
8092920909305026
f69c8c8cd8d6a40c
ecc68c9cd656497e
98baf2b7a4cb9b1c
08f49187e5c41434
e3c3cd79d9c85a92
f2e6e6d2b490d6b4
c78471616171e3a1
c8c8cdc6c28b6232
e070d8c4e6e5e2d8
129296c6cce44cbc
452530b030a43038
7c7adddd19199a12
49a8bb7ad2f86475
cb466cccee6aeae4
dc55c0d18896e4c8
64ece8f0e8ecf8f0
